{"level":"error","message":"Error"}
{"level":"error","message":"ReferenceError"}
{"level":"error","message":"UserNotFound"}
{"level":"error","message":"ReferenceError"}
{"level":"error","message":"TypeError"}
{"level":"error","message":"TypeError"}
{"level":"error","message":"TypeError"}
{"level":"error","message":"TypeError"}
{"level":"error","message":"TypeError"}
{"level":"error","message":"ReferenceError"}
{"level":"error","message":"ReferenceError"}
{"level":"error","message":"SyntaxError"}
{"level":"error","message":"ReferenceError"}
{"level":"error","message":"TypeError"}
{"level":"error","message":"TypeError"}
{"level":"error","message":"TypeError"}
{"level":"error","message":"UserNotFound"}
{"level":"error","message":"UserNotFound"}
{"level":"error","message":"TypeError"}
{"level":"error","message":"TypeError"}
{"level":"error","message":"UserNotFound"}
{"level":"error","message":"UserNotFound"}
{"level":"error","message":"UserNotFound"}
{"level":"error","message":"UserNotFound"}
{"level":"error","message":"UserNotFound"}
{"level":"error","message":"UserNotFound"}
{"level":"error","message":"InvalidTokenNumber"}
{"level":"error","message":"InvalidTokenNumber"}
{"level":"error","message":"InvalidTokenNumber"}
{"level":"error","message":"InvalidTokenNumber"}
{"level":"error","message":"InvalidTokenNumber"}
{"level":"error","message":"InvalidToken"}
{"level":"error","message":"InvalidToken"}
{"level":"error","message":"InvalidToken"}
{"level":"error","message":"InvalidToken"}
{"level":"error","message":"InvalidData"}
{"level":"error","message":"PremiumUserDeleteOwnerProduct"}
{"level":"error","message":"TypeError"}
{"level":"error","message":"TypeError"}
{"level":"error","message":"TypeError"}
{"level":"error","message":"PremiumUserDeleteOwnerProduct"}
{"level":"error","message":"TypeError"}
{"level":"error","message":"TypeError"}
{"level":"error","message":"TypeError"}
{"level":"error","message":"TypeError"}
{"level":"error","message":"TypeError"}
{"level":"error","message":"TypeError"}
{"level":"error","message":"TypeError"}
{"level":"error","message":"TypeError"}
{"level":"error","message":"TypeError"}
{"level":"error","message":"TypeError"}
{"level":"error","message":"TypeError"}
{"level":"error","message":"TypeError"}
{"level":"error","message":"TypeError"}
{"level":"error","message":"PremiumUserDeleteOwnerProduct"}
{"level":"error","message":"PremiumUserDeleteOwnerProduct"}
{"level":"error","message":"ReferenceError"}
{"level":"error","message":"ReferenceError"}
{"level":"error","message":"ProductNotFound"}
{"level":"error","message":"ReferenceError"}
{"level":"error","message":"InvalidAction"}
{"level":"error","message":"InvalidAction"}
{"level":"error","message":"ReferenceError"}
{"level":"error","message":"ReferenceError"}
{"level":"error","message":"UserNotFound"}
{"level":"error","message":"ReferenceError"}
